<?xml version="1.0" encoding="UTF-8"?>
<coverage generated="1647199635995" clover="3.2.0">
  <project timestamp="1647199635995" name="All files">
    <metrics statements="50" coveredstatements="45" conditionals="0" coveredconditionals="0" methods="19" coveredmethods="13" elements="69" coveredelements="58" complexity="0" loc="50" ncloc="50" packages="3" files="5" classes="5"/>
    <package name="src">
      <metrics statements="6" coveredstatements="6" conditionals="0" coveredconditionals="0" methods="1" coveredmethods="0"/>
      <file name="app.ts" path="/Users/mahdyfalah/sportWidget/src/app.ts">
        <metrics statements="6" coveredstatements="6" conditionals="0" coveredconditionals="0" methods="1" coveredmethods="0"/>
        <line num="2" count="2" type="stmt"/>
        <line num="4" count="2" type="stmt"/>
        <line num="5" count="2" type="stmt"/>
        <line num="7" count="2" type="stmt"/>
        <line num="8" count="2" type="stmt"/>
        <line num="10" count="2" type="stmt"/>
      </file>
    </package>
    <package name="src.middleware">
      <metrics statements="32" coveredstatements="32" conditionals="0" coveredconditionals="0" methods="10" coveredmethods="10"/>
      <file name="getMatch.middleware.ts" path="/Users/mahdyfalah/sportWidget/src/middleware/getMatch.middleware.ts">
        <metrics statements="23" coveredstatements="23" conditionals="0" coveredconditionals="0" methods="6" coveredmethods="6"/>
        <line num="4" count="2" type="stmt"/>
        <line num="6" count="2" type="stmt"/>
        <line num="7" count="2" type="stmt"/>
        <line num="8" count="2" type="stmt"/>
        <line num="10" count="2" type="stmt"/>
        <line num="11" count="2" type="stmt"/>
        <line num="13" count="2" type="stmt"/>
        <line num="15" count="2" type="stmt"/>
        <line num="16" count="342" type="stmt"/>
        <line num="17" count="342" type="stmt"/>
        <line num="18" count="342" type="stmt"/>
        <line num="19" count="342" type="stmt"/>
        <line num="21" count="342" type="stmt"/>
        <line num="23" count="342" type="stmt"/>
        <line num="26" count="1604" type="stmt"/>
        <line num="29" count="2" type="stmt"/>
        <line num="35" count="342" type="stmt"/>
        <line num="36" count="342" type="stmt"/>
        <line num="38" count="342" type="stmt"/>
        <line num="40" count="342" type="stmt"/>
        <line num="41" count="342" type="stmt"/>
        <line num="42" count="342" type="stmt"/>
        <line num="44" count="342" type="stmt"/>
      </file>
      <file name="getTournament.middleware.ts" path="/Users/mahdyfalah/sportWidget/src/middleware/getTournament.middleware.ts">
        <metrics statements="9" coveredstatements="9" conditionals="0" coveredconditionals="0" methods="4" coveredmethods="4"/>
        <line num="4" count="2" type="stmt"/>
        <line num="5" count="2" type="stmt"/>
        <line num="8" count="2" type="stmt"/>
        <line num="9" count="2" type="stmt"/>
        <line num="11" count="2" type="stmt"/>
        <line num="12" count="2" type="stmt"/>
        <line num="14" count="2" type="stmt"/>
        <line num="15" count="14" type="stmt"/>
        <line num="17" count="2" type="stmt"/>
      </file>
    </package>
    <package name="src.model">
      <metrics statements="12" coveredstatements="7" conditionals="0" coveredconditionals="0" methods="8" coveredmethods="3"/>
      <file name="match.ts" path="/Users/mahdyfalah/sportWidget/src/model/match.ts">
        <metrics statements="8" coveredstatements="5" conditionals="0" coveredconditionals="0" methods="5" coveredmethods="2"/>
        <line num="8" count="342" type="stmt"/>
        <line num="9" count="342" type="stmt"/>
        <line num="10" count="342" type="stmt"/>
        <line num="11" count="342" type="stmt"/>
        <line num="15" count="3208" type="stmt"/>
        <line num="18" count="0" type="stmt"/>
        <line num="21" count="0" type="stmt"/>
        <line num="24" count="0" type="stmt"/>
      </file>
      <file name="tournament.ts" path="/Users/mahdyfalah/sportWidget/src/model/tournament.ts">
        <metrics statements="4" coveredstatements="2" conditionals="0" coveredconditionals="0" methods="3" coveredmethods="1"/>
        <line num="6" count="14" type="stmt"/>
        <line num="7" count="14" type="stmt"/>
        <line num="11" count="0" type="stmt"/>
        <line num="14" count="0" type="stmt"/>
      </file>
    </package>
  </project>
</coverage>
