{"/Users/mahdyfalah/sportWidget/src/app.ts": {"path":"/Users/mahdyfalah/sportWidget/src/app.ts","statementMap":{"0":{"start":{"line":2,"column":12},"end":{"line":2,"column":21}},"1":{"start":{"line":4,"column":32},"end":{"line":4,"column":85}},"2":{"start":{"line":5,"column":27},"end":{"line":5,"column":75}},"3":{"start":{"line":7,"column":0},"end":{"line":7,"column":49}},"4":{"start":{"line":8,"column":0},"end":{"line":8,"column":45}},"5":{"start":{"line":10,"column":0},"end":{"line":10,"column":54}},"6":{"start":{"line":10,"column":23},"end":{"line":10,"column":52}}},"fnMap":{"0":{"name":"(anonymous_0)","decl":{"start":{"line":10,"column":17},"end":{"line":10,"column":18}},"loc":{"start":{"line":10,"column":23},"end":{"line":10,"column":52}},"line":10}},"branchMap":{},"s":{"0":2,"1":2,"2":2,"3":2,"4":2,"5":2,"6":0},"f":{"0":0},"b":{},"_coverageSchema":"1a1c01bbd47fc00a2c39e90264f33305004495a9","hash":"93862d9f3c4ba0e10c5572962a305e1a2d7ac73a"}
,"/Users/mahdyfalah/sportWidget/src/middleware/getMatch.middleware.ts": {"path":"/Users/mahdyfalah/sportWidget/src/middleware/getMatch.middleware.ts","statementMap":{"0":{"start":{"line":4,"column":14},"end":{"line":4,"column":35}},"1":{"start":{"line":6,"column":0},"end":{"line":31,"column":1}},"2":{"start":{"line":7,"column":24},"end":{"line":7,"column":121}},"3":{"start":{"line":8,"column":34},"end":{"line":8,"column":36}},"4":{"start":{"line":10,"column":4},"end":{"line":30,"column":11}},"5":{"start":{"line":11,"column":45},"end":{"line":11,"column":55}},"6":{"start":{"line":13,"column":23},"end":{"line":13,"column":47}},"7":{"start":{"line":15,"column":12},"end":{"line":24,"column":15}},"8":{"start":{"line":16,"column":33},"end":{"line":16,"column":89}},"9":{"start":{"line":17,"column":38},"end":{"line":17,"column":92}},"10":{"start":{"line":18,"column":38},"end":{"line":18,"column":84}},"11":{"start":{"line":19,"column":38},"end":{"line":19,"column":55}},"12":{"start":{"line":21,"column":35},"end":{"line":21,"column":73}},"13":{"start":{"line":23,"column":16},"end":{"line":23,"column":42}},"14":{"start":{"line":26,"column":12},"end":{"line":26,"column":90}},"15":{"start":{"line":26,"column":41},"end":{"line":26,"column":88}},"16":{"start":{"line":29,"column":12},"end":{"line":29,"column":55}},"17":{"start":{"line":35,"column":32},"end":{"line":35,"column":47}},"18":{"start":{"line":36,"column":4},"end":{"line":36,"column":65}},"19":{"start":{"line":38,"column":32},"end":{"line":38,"column":47}},"20":{"start":{"line":40,"column":28},"end":{"line":40,"column":42}},"21":{"start":{"line":41,"column":4},"end":{"line":41,"column":42}},"22":{"start":{"line":42,"column":4},"end":{"line":42,"column":44}},"23":{"start":{"line":44,"column":4},"end":{"line":44,"column":23}}},"fnMap":{"0":{"name":"handleGetMatches","decl":{"start":{"line":6,"column":26},"end":{"line":6,"column":42}},"loc":{"start":{"line":6,"column":70},"end":{"line":31,"column":1}},"line":6},"1":{"name":"(anonymous_1)","decl":{"start":{"line":11,"column":14},"end":{"line":11,"column":15}},"loc":{"start":{"line":11,"column":45},"end":{"line":11,"column":55}},"line":11},"2":{"name":"(anonymous_2)","decl":{"start":{"line":12,"column":14},"end":{"line":12,"column":15}},"loc":{"start":{"line":12,"column":29},"end":{"line":30,"column":9}},"line":12},"3":{"name":"(anonymous_3)","decl":{"start":{"line":15,"column":38},"end":{"line":15,"column":39}},"loc":{"start":{"line":15,"column":51},"end":{"line":24,"column":13}},"line":15},"4":{"name":"(anonymous_4)","decl":{"start":{"line":26,"column":31},"end":{"line":26,"column":32}},"loc":{"start":{"line":26,"column":41},"end":{"line":26,"column":88}},"line":26},"5":{"name":"getDateAndTime","decl":{"start":{"line":34,"column":9},"end":{"line":34,"column":23}},"loc":{"start":{"line":34,"column":57},"end":{"line":45,"column":1}},"line":34}},"branchMap":{},"s":{"0":2,"1":2,"2":2,"3":2,"4":2,"5":2,"6":2,"7":2,"8":342,"9":342,"10":342,"11":342,"12":342,"13":342,"14":2,"15":1604,"16":2,"17":342,"18":342,"19":342,"20":342,"21":342,"22":342,"23":342},"f":{"0":2,"1":2,"2":2,"3":342,"4":1604,"5":342},"b":{},"_coverageSchema":"1a1c01bbd47fc00a2c39e90264f33305004495a9","hash":"550f67122ea3bc485d24f156b398e932ed0b75bf"}
,"/Users/mahdyfalah/sportWidget/src/middleware/getTournament.middleware.ts": {"path":"/Users/mahdyfalah/sportWidget/src/middleware/getTournament.middleware.ts","statementMap":{"0":{"start":{"line":4,"column":14},"end":{"line":4,"column":35}},"1":{"start":{"line":5,"column":20},"end":{"line":5,"column":98}},"2":{"start":{"line":8,"column":0},"end":{"line":19,"column":1}},"3":{"start":{"line":9,"column":42},"end":{"line":9,"column":44}},"4":{"start":{"line":11,"column":4},"end":{"line":18,"column":11}},"5":{"start":{"line":12,"column":45},"end":{"line":12,"column":55}},"6":{"start":{"line":14,"column":12},"end":{"line":16,"column":15}},"7":{"start":{"line":15,"column":16},"end":{"line":15,"column":83}},"8":{"start":{"line":17,"column":12},"end":{"line":17,"column":47}}},"fnMap":{"0":{"name":"handleGetTournaments","decl":{"start":{"line":8,"column":26},"end":{"line":8,"column":46}},"loc":{"start":{"line":8,"column":75},"end":{"line":19,"column":1}},"line":8},"1":{"name":"(anonymous_1)","decl":{"start":{"line":12,"column":14},"end":{"line":12,"column":15}},"loc":{"start":{"line":12,"column":45},"end":{"line":12,"column":55}},"line":12},"2":{"name":"(anonymous_2)","decl":{"start":{"line":13,"column":14},"end":{"line":13,"column":15}},"loc":{"start":{"line":13,"column":29},"end":{"line":18,"column":9}},"line":13},"3":{"name":"(anonymous_3)","decl":{"start":{"line":14,"column":49},"end":{"line":14,"column":50}},"loc":{"start":{"line":14,"column":94},"end":{"line":16,"column":13}},"line":14}},"branchMap":{},"s":{"0":2,"1":2,"2":2,"3":2,"4":2,"5":2,"6":2,"7":14,"8":2},"f":{"0":2,"1":2,"2":2,"3":14},"b":{},"_coverageSchema":"1a1c01bbd47fc00a2c39e90264f33305004495a9","hash":"fe267debe06ac7beffbb44f637a8b01a8ffdc5df"}
,"/Users/mahdyfalah/sportWidget/src/model/match.ts": {"path":"/Users/mahdyfalah/sportWidget/src/model/match.ts","statementMap":{"0":{"start":{"line":8,"column":8},"end":{"line":8,"column":25}},"1":{"start":{"line":9,"column":8},"end":{"line":9,"column":27}},"2":{"start":{"line":10,"column":8},"end":{"line":10,"column":27}},"3":{"start":{"line":11,"column":8},"end":{"line":11,"column":37}},"4":{"start":{"line":15,"column":8},"end":{"line":15,"column":25}},"5":{"start":{"line":18,"column":8},"end":{"line":18,"column":26}},"6":{"start":{"line":21,"column":8},"end":{"line":21,"column":26}},"7":{"start":{"line":24,"column":8},"end":{"line":24,"column":31}}},"fnMap":{"0":{"name":"(anonymous_0)","decl":{"start":{"line":7,"column":4},"end":{"line":7,"column":5}},"loc":{"start":{"line":7,"column":81},"end":{"line":12,"column":5}},"line":7},"1":{"name":"(anonymous_1)","decl":{"start":{"line":14,"column":4},"end":{"line":14,"column":5}},"loc":{"start":{"line":14,"column":20},"end":{"line":16,"column":5}},"line":14},"2":{"name":"(anonymous_2)","decl":{"start":{"line":17,"column":4},"end":{"line":17,"column":5}},"loc":{"start":{"line":17,"column":24},"end":{"line":19,"column":5}},"line":17},"3":{"name":"(anonymous_3)","decl":{"start":{"line":20,"column":4},"end":{"line":20,"column":5}},"loc":{"start":{"line":20,"column":24},"end":{"line":22,"column":5}},"line":20},"4":{"name":"(anonymous_4)","decl":{"start":{"line":23,"column":4},"end":{"line":23,"column":5}},"loc":{"start":{"line":23,"column":27},"end":{"line":25,"column":5}},"line":23}},"branchMap":{},"s":{"0":342,"1":342,"2":342,"3":342,"4":3208,"5":0,"6":0,"7":0},"f":{"0":342,"1":3208,"2":0,"3":0,"4":0},"b":{},"_coverageSchema":"1a1c01bbd47fc00a2c39e90264f33305004495a9","hash":"fbaed860e27cfc0d8ae0cf416d98077659607454"}
,"/Users/mahdyfalah/sportWidget/src/model/tournament.ts": {"path":"/Users/mahdyfalah/sportWidget/src/model/tournament.ts","statementMap":{"0":{"start":{"line":6,"column":8},"end":{"line":6,"column":23}},"1":{"start":{"line":7,"column":8},"end":{"line":7,"column":25}},"2":{"start":{"line":11,"column":8},"end":{"line":11,"column":24}},"3":{"start":{"line":14,"column":8},"end":{"line":14,"column":25}}},"fnMap":{"0":{"name":"(anonymous_0)","decl":{"start":{"line":5,"column":4},"end":{"line":5,"column":5}},"loc":{"start":{"line":5,"column":42},"end":{"line":8,"column":5}},"line":5},"1":{"name":"(anonymous_1)","decl":{"start":{"line":10,"column":4},"end":{"line":10,"column":5}},"loc":{"start":{"line":10,"column":20},"end":{"line":12,"column":5}},"line":10},"2":{"name":"(anonymous_2)","decl":{"start":{"line":13,"column":4},"end":{"line":13,"column":5}},"loc":{"start":{"line":13,"column":21},"end":{"line":15,"column":5}},"line":13}},"branchMap":{},"s":{"0":14,"1":14,"2":0,"3":0},"f":{"0":14,"1":0,"2":0},"b":{},"_coverageSchema":"1a1c01bbd47fc00a2c39e90264f33305004495a9","hash":"34d76846c2c3c29b6e2157a2f6cdb7a643c6a242"}
}
