TN:
SF:src/app.ts
FN:10,(anonymous_0)
FNF:1
FNH:0
FNDA:0,(anonymous_0)
DA:2,2
DA:4,2
DA:5,2
DA:7,2
DA:8,2
DA:10,2
LF:6
LH:6
BRF:0
BRH:0
end_of_record
TN:
SF:src/middleware/getMatch.middleware.ts
FN:6,handleGetMatches
FN:11,(anonymous_1)
FN:12,(anonymous_2)
FN:15,(anonymous_3)
FN:26,(anonymous_4)
FN:34,getDateAndTime
FNF:6
FNH:6
FNDA:2,handleGetMatches
FNDA:2,(anonymous_1)
FNDA:2,(anonymous_2)
FNDA:342,(anonymous_3)
FNDA:1604,(anonymous_4)
FNDA:342,getDateAndTime
DA:4,2
DA:6,2
DA:7,2
DA:8,2
DA:10,2
DA:11,2
DA:13,2
DA:15,2
DA:16,342
DA:17,342
DA:18,342
DA:19,342
DA:21,342
DA:23,342
DA:26,1604
DA:29,2
DA:35,342
DA:36,342
DA:38,342
DA:40,342
DA:41,342
DA:42,342
DA:44,342
LF:23
LH:23
BRF:0
BRH:0
end_of_record
TN:
SF:src/middleware/getTournament.middleware.ts
FN:8,handleGetTournaments
FN:12,(anonymous_1)
FN:13,(anonymous_2)
FN:14,(anonymous_3)
FNF:4
FNH:4
FNDA:2,handleGetTournaments
FNDA:2,(anonymous_1)
FNDA:2,(anonymous_2)
FNDA:14,(anonymous_3)
DA:4,2
DA:5,2
DA:8,2
DA:9,2
DA:11,2
DA:12,2
DA:14,2
DA:15,14
DA:17,2
LF:9
LH:9
BRF:0
BRH:0
end_of_record
TN:
SF:src/model/match.ts
FN:7,(anonymous_0)
FN:14,(anonymous_1)
FN:17,(anonymous_2)
FN:20,(anonymous_3)
FN:23,(anonymous_4)
FNF:5
FNH:2
FNDA:342,(anonymous_0)
FNDA:3208,(anonymous_1)
FNDA:0,(anonymous_2)
FNDA:0,(anonymous_3)
FNDA:0,(anonymous_4)
DA:8,342
DA:9,342
DA:10,342
DA:11,342
DA:15,3208
DA:18,0
DA:21,0
DA:24,0
LF:8
LH:5
BRF:0
BRH:0
end_of_record
TN:
SF:src/model/tournament.ts
FN:5,(anonymous_0)
FN:10,(anonymous_1)
FN:13,(anonymous_2)
FNF:3
FNH:1
FNDA:14,(anonymous_0)
FNDA:0,(anonymous_1)
FNDA:0,(anonymous_2)
DA:6,14
DA:7,14
DA:11,0
DA:14,0
LF:4
LH:2
BRF:0
BRH:0
end_of_record
